[0.181s] Invoking command in '/home/avinaash/daimler_tugger/doozy_ws_2/build/doozy_actions': CMAKE_PREFIX_PATH=${CMAKE_PREFIX_PATH}:/home/avinaash/doozy_robotics/doozy_ws_2/install/pallet_docker_02:/home/avinaash/doozy_robotics/doozy_ws_2/install/2_t_dolly_logistics_driver:/home/avinaash/ForkLift_AMR/install/doozy_forklift:/opt/ros/galactic /usr/bin/cmake /home/avinaash/daimler_tugger/doozy_ws_2/src/doozy_actions -DCMAKE_INSTALL_PREFIX=/home/avinaash/daimler_tugger/doozy_ws_2/install/doozy_actions
[0.351s] -- The C compiler identification is GNU 9.4.0
[0.351s] -- The CXX compiler identification is GNU 9.4.0
[0.351s] -- Check for working C compiler: /usr/bin/cc
[0.352s] -- Check for working C compiler: /usr/bin/cc -- works
[0.352s] -- Detecting C compiler ABI info
[0.415s] -- Detecting C compiler ABI info - done
[0.425s] -- Detecting C compile features
[0.425s] -- Detecting C compile features - done
[0.426s] -- Check for working CXX compiler: /usr/bin/c++
[0.497s] -- Check for working CXX compiler: /usr/bin/c++ -- works
[0.499s] -- Detecting CXX compiler ABI info
[0.575s] -- Detecting CXX compiler ABI info - done
[0.585s] -- Detecting CXX compile features
[0.586s] -- Detecting CXX compile features - done
[0.589s] -- Found ament_cmake: 1.1.6 (/opt/ros/galactic/share/ament_cmake/cmake)
[0.612s] -- Found PythonInterp: /usr/bin/python3 (found suitable version "3.8.10", minimum required is "3") 
[0.612s] -- Using PYTHON_EXECUTABLE: /usr/bin/python3
[0.675s] -- Found ament_lint_auto: 0.10.7 (/opt/ros/galactic/share/ament_lint_auto/cmake)
[0.740s] -- Found rosidl_default_generators: 1.1.1 (/opt/ros/galactic/share/rosidl_default_generators/cmake)
[0.740s] -- Using all available rosidl_typesupport_c: rosidl_typesupport_fastrtps_c;rosidl_typesupport_introspection_c
[0.744s] -- Found rosidl_adapter: 2.2.3 (/opt/ros/galactic/share/rosidl_adapter/cmake)
[0.836s] -- Found OpenSSL: /usr/lib/x86_64-linux-gnu/libcrypto.so (found version "1.1.1f")  
[0.859s] -- Found FastRTPS: /opt/ros/galactic/include  
[0.917s] -- Using all available rosidl_typesupport_cpp: rosidl_typesupport_fastrtps_cpp;rosidl_typesupport_introspection_cpp
[0.957s] -- Found PythonInterp: /usr/bin/python3 (found version "3.8.10") 
[1.063s] -- Found ament_cmake_ros: 0.9.2 (/opt/ros/galactic/share/ament_cmake_ros/cmake)
[1.154s] -- Using all available rosidl_typesupport_c: rosidl_typesupport_fastrtps_c;rosidl_typesupport_introspection_c
[1.168s] -- Using all available rosidl_typesupport_cpp: rosidl_typesupport_fastrtps_cpp;rosidl_typesupport_introspection_cpp
[1.190s] -- Found PythonInterp: /usr/bin/python3 (found suitable version "3.8.10", minimum required is "3.5") 
[1.192s] -- Found python_cmake_module: 0.8.1 (/opt/ros/galactic/share/python_cmake_module/cmake)
[1.212s] -- Found PythonLibs: /usr/lib/x86_64-linux-gnu/libpython3.8.so (found suitable version "3.8.10", minimum required is "3.5") 
[1.212s] -- Using PYTHON_EXECUTABLE: /usr/bin/python3
[1.212s] -- Using PYTHON_INCLUDE_DIRS: /usr/include/python3.8
[1.212s] -- Using PYTHON_LIBRARIES: /usr/lib/x86_64-linux-gnu/libpython3.8.so
[1.227s] -- Found PythonExtra: .so  
[1.273s] -- Added test 'copyright' to check source files copyright and LICENSE
[1.274s] -- Added test 'lint_cmake' to check CMake code style
[1.274s] -- Added test 'xmllint' to check XML markup files
[1.279s] -- Configuring done
[1.312s] -- Generating done
[1.314s] -- Build files have been written to: /home/avinaash/daimler_tugger/doozy_ws_2/build/doozy_actions
[1.321s] Invoked command in '/home/avinaash/daimler_tugger/doozy_ws_2/build/doozy_actions' returned '0': CMAKE_PREFIX_PATH=${CMAKE_PREFIX_PATH}:/home/avinaash/doozy_robotics/doozy_ws_2/install/pallet_docker_02:/home/avinaash/doozy_robotics/doozy_ws_2/install/2_t_dolly_logistics_driver:/home/avinaash/ForkLift_AMR/install/doozy_forklift:/opt/ros/galactic /usr/bin/cmake /home/avinaash/daimler_tugger/doozy_ws_2/src/doozy_actions -DCMAKE_INSTALL_PREFIX=/home/avinaash/daimler_tugger/doozy_ws_2/install/doozy_actions
[1.325s] Invoking command in '/home/avinaash/daimler_tugger/doozy_ws_2/build/doozy_actions': CMAKE_PREFIX_PATH=${CMAKE_PREFIX_PATH}:/home/avinaash/doozy_robotics/doozy_ws_2/install/pallet_docker_02:/home/avinaash/doozy_robotics/doozy_ws_2/install/2_t_dolly_logistics_driver:/home/avinaash/ForkLift_AMR/install/doozy_forklift:/opt/ros/galactic /usr/bin/cmake --build /home/avinaash/daimler_tugger/doozy_ws_2/build/doozy_actions -- -j16 -l16
[1.369s] [  1%] [34m[1mGenerating C code for ROS interfaces[0m
[1.369s] [35m[1mScanning dependencies of target doozy_actions__cpp[0m
[1.381s] [  3%] [34m[1mGenerating C++ code for ROS interfaces[0m
[1.704s] [  3%] Built target doozy_actions__cpp
[1.716s] [  5%] [34m[1mGenerating C++ type support dispatch for ROS interfaces[0m
[1.720s] [  9%] [34m[1mGenerating C++ introspection for ROS interfaces[0m
[1.720s] [  9%] [34m[1mGenerating C++ type support for eProsima Fast-RTPS[0m
[1.726s] [35m[1mScanning dependencies of target doozy_actions__rosidl_generator_c[0m
[1.740s] [ 10%] [32mBuilding C object CMakeFiles/doozy_actions__rosidl_generator_c.dir/rosidl_generator_c/doozy_actions/msg/detail/docking__functions.c.o[0m
[1.741s] [ 14%] [32mBuilding C object CMakeFiles/doozy_actions__rosidl_generator_c.dir/rosidl_generator_c/doozy_actions/msg/detail/diagnostics__functions.c.o[0m
[1.741s] [ 14%] [32mBuilding C object CMakeFiles/doozy_actions__rosidl_generator_c.dir/rosidl_generator_c/doozy_actions/msg/detail/navigation__functions.c.o[0m
[1.741s] [ 16%] [32mBuilding C object CMakeFiles/doozy_actions__rosidl_generator_c.dir/rosidl_generator_c/doozy_actions/action/detail/dolly_dock__functions.c.o[0m
[1.830s] [ 18%] [32m[1mLinking C shared library libdoozy_actions__rosidl_generator_c.so[0m
[1.865s] [ 18%] Built target doozy_actions__rosidl_generator_c
[1.875s] [ 20%] [34m[1mGenerating C introspection for ROS interfaces[0m
[1.876s] [ 21%] [34m[1mGenerating C type support dispatch for ROS interfaces[0m
[1.940s] [35m[1mScanning dependencies of target doozy_actions__rosidl_typesupport_cpp[0m
[1.955s] [ 23%] [32mBuilding CXX object CMakeFiles/doozy_actions__rosidl_typesupport_cpp.dir/rosidl_typesupport_cpp/doozy_actions/action/dolly_dock__type_support.cpp.o[0m
[1.956s] [ 27%] [32mBuilding CXX object CMakeFiles/doozy_actions__rosidl_typesupport_cpp.dir/rosidl_typesupport_cpp/doozy_actions/msg/diagnostics__type_support.cpp.o[0m
[1.956s] [ 27%] [32mBuilding CXX object CMakeFiles/doozy_actions__rosidl_typesupport_cpp.dir/rosidl_typesupport_cpp/doozy_actions/msg/docking__type_support.cpp.o[0m
[1.956s] [ 29%] [32mBuilding CXX object CMakeFiles/doozy_actions__rosidl_typesupport_cpp.dir/rosidl_typesupport_cpp/doozy_actions/msg/navigation__type_support.cpp.o[0m
[2.028s] [35m[1mScanning dependencies of target doozy_actions__rosidl_typesupport_introspection_cpp[0m
[2.046s] [ 36%] [32mBuilding CXX object CMakeFiles/doozy_actions__rosidl_typesupport_introspection_cpp.dir/rosidl_typesupport_introspection_cpp/doozy_actions/msg/detail/diagnostics__type_support.cpp.o[0m
[2.046s] [ 36%] [32mBuilding CXX object CMakeFiles/doozy_actions__rosidl_typesupport_introspection_cpp.dir/rosidl_typesupport_introspection_cpp/doozy_actions/action/detail/dolly_dock__type_support.cpp.o[0m
[2.046s] [ 36%] [32mBuilding CXX object CMakeFiles/doozy_actions__rosidl_typesupport_introspection_cpp.dir/rosidl_typesupport_introspection_cpp/doozy_actions/msg/detail/navigation__type_support.cpp.o[0m
[2.046s] [ 36%] [32mBuilding CXX object CMakeFiles/doozy_actions__rosidl_typesupport_introspection_cpp.dir/rosidl_typesupport_introspection_cpp/doozy_actions/msg/detail/docking__type_support.cpp.o[0m
[2.134s] [35m[1mScanning dependencies of target doozy_actions__rosidl_typesupport_fastrtps_cpp[0m
[2.159s] [ 38%] [32mBuilding CXX object CMakeFiles/doozy_actions__rosidl_typesupport_fastrtps_cpp.dir/rosidl_typesupport_fastrtps_cpp/doozy_actions/action/detail/dds_fastrtps/dolly_dock__type_support.cpp.o[0m
[2.171s] [ 40%] [32mBuilding CXX object CMakeFiles/doozy_actions__rosidl_typesupport_fastrtps_cpp.dir/rosidl_typesupport_fastrtps_cpp/doozy_actions/msg/detail/dds_fastrtps/docking__type_support.cpp.o[0m
[2.184s] [ 41%] [32mBuilding CXX object CMakeFiles/doozy_actions__rosidl_typesupport_fastrtps_cpp.dir/rosidl_typesupport_fastrtps_cpp/doozy_actions/msg/detail/dds_fastrtps/diagnostics__type_support.cpp.o[0m
[2.222s] [ 43%] [32mBuilding CXX object CMakeFiles/doozy_actions__rosidl_typesupport_fastrtps_cpp.dir/rosidl_typesupport_fastrtps_cpp/doozy_actions/msg/detail/dds_fastrtps/navigation__type_support.cpp.o[0m
[2.287s] [35m[1mScanning dependencies of target doozy_actions__rosidl_typesupport_c[0m
[2.330s] [ 45%] [32mBuilding CXX object CMakeFiles/doozy_actions__rosidl_typesupport_c.dir/rosidl_typesupport_c/doozy_actions/action/dolly_dock__type_support.cpp.o[0m
[2.332s] [ 47%] [32mBuilding CXX object CMakeFiles/doozy_actions__rosidl_typesupport_c.dir/rosidl_typesupport_c/doozy_actions/msg/docking__type_support.cpp.o[0m
[2.344s] [ 49%] [32mBuilding CXX object CMakeFiles/doozy_actions__rosidl_typesupport_c.dir/rosidl_typesupport_c/doozy_actions/msg/navigation__type_support.cpp.o[0m
[2.363s] [ 50%] [32mBuilding CXX object CMakeFiles/doozy_actions__rosidl_typesupport_c.dir/rosidl_typesupport_c/doozy_actions/msg/diagnostics__type_support.cpp.o[0m
[2.416s] [ 52%] [32m[1mLinking CXX shared library libdoozy_actions__rosidl_typesupport_c.so[0m
[2.422s] [35m[1mScanning dependencies of target doozy_actions__rosidl_typesupport_introspection_c[0m
[2.442s] [ 60%] [32mBuilding C object CMakeFiles/doozy_actions__rosidl_typesupport_introspection_c.dir/rosidl_typesupport_introspection_c/doozy_actions/action/detail/dolly_dock__type_support.c.o[0m
[2.442s] [ 60%] [32mBuilding C object CMakeFiles/doozy_actions__rosidl_typesupport_introspection_c.dir/rosidl_typesupport_introspection_c/doozy_actions/msg/detail/diagnostics__type_support.c.o[0m
[2.442s] [ 60%] [32mBuilding C object CMakeFiles/doozy_actions__rosidl_typesupport_introspection_c.dir/rosidl_typesupport_introspection_c/doozy_actions/msg/detail/navigation__type_support.c.o[0m
[2.442s] [ 60%] [32mBuilding C object CMakeFiles/doozy_actions__rosidl_typesupport_introspection_c.dir/rosidl_typesupport_introspection_c/doozy_actions/msg/detail/docking__type_support.c.o[0m
[2.464s] [ 60%] Built target doozy_actions__rosidl_typesupport_c
[2.496s] [ 61%] [32m[1mLinking C shared library libdoozy_actions__rosidl_typesupport_introspection_c.so[0m
[2.517s] [ 63%] [32m[1mLinking CXX shared library libdoozy_actions__rosidl_typesupport_cpp.so[0m
[2.524s] [ 63%] Built target doozy_actions__rosidl_typesupport_introspection_c
[2.551s] [ 63%] Built target doozy_actions__rosidl_typesupport_cpp
[2.602s] [ 65%] [32m[1mLinking CXX shared library libdoozy_actions__rosidl_typesupport_introspection_cpp.so[0m
[2.670s] [ 65%] Built target doozy_actions__rosidl_typesupport_introspection_cpp
[2.833s] [ 67%] [32m[1mLinking CXX shared library libdoozy_actions__rosidl_typesupport_fastrtps_cpp.so[0m
[2.905s] [ 67%] Built target doozy_actions__rosidl_typesupport_fastrtps_cpp
[2.916s] [ 69%] [34m[1mGenerating C type support for eProsima Fast-RTPS[0m
[3.202s] [35m[1mScanning dependencies of target doozy_actions__rosidl_typesupport_fastrtps_c[0m
[3.219s] [ 70%] [32mBuilding CXX object CMakeFiles/doozy_actions__rosidl_typesupport_fastrtps_c.dir/rosidl_typesupport_fastrtps_c/doozy_actions/msg/detail/navigation__type_support_c.cpp.o[0m
[3.220s] [ 76%] [32mBuilding CXX object CMakeFiles/doozy_actions__rosidl_typesupport_fastrtps_c.dir/rosidl_typesupport_fastrtps_c/doozy_actions/action/detail/dolly_dock__type_support_c.cpp.o[0m
[3.220s] [ 76%] [32mBuilding CXX object CMakeFiles/doozy_actions__rosidl_typesupport_fastrtps_c.dir/rosidl_typesupport_fastrtps_c/doozy_actions/msg/detail/docking__type_support_c.cpp.o[0m
[3.220s] [ 76%] [32mBuilding CXX object CMakeFiles/doozy_actions__rosidl_typesupport_fastrtps_c.dir/rosidl_typesupport_fastrtps_c/doozy_actions/msg/detail/diagnostics__type_support_c.cpp.o[0m
[3.495s] [ 78%] [32m[1mLinking CXX shared library libdoozy_actions__rosidl_typesupport_fastrtps_c.so[0m
[3.564s] [ 78%] Built target doozy_actions__rosidl_typesupport_fastrtps_c
[3.575s] [35m[1mScanning dependencies of target doozy_actions[0m
[3.584s] [ 78%] Built target doozy_actions
[3.594s] [35m[1mScanning dependencies of target doozy_actions__py[0m
[3.604s] [ 80%] [34m[1mGenerating Python code for ROS interfaces[0m
[4.252s] [ 80%] Built target doozy_actions__py
[4.261s] [35m[1mScanning dependencies of target doozy_actions__python[0m
[4.278s] [ 81%] [32mBuilding C object CMakeFiles/doozy_actions__python.dir/rosidl_generator_py/doozy_actions/msg/_navigation_s.c.o[0m
[4.279s] [ 83%] [32mBuilding C object CMakeFiles/doozy_actions__python.dir/rosidl_generator_py/doozy_actions/action/_dolly_dock_s.c.o[0m
[4.279s] [ 87%] [32mBuilding C object CMakeFiles/doozy_actions__python.dir/rosidl_generator_py/doozy_actions/msg/_diagnostics_s.c.o[0m
[4.279s] [ 87%] [32mBuilding C object CMakeFiles/doozy_actions__python.dir/rosidl_generator_py/doozy_actions/msg/_docking_s.c.o[0m
[4.370s] [ 89%] [32m[1mLinking C shared library rosidl_generator_py/doozy_actions/libdoozy_actions__python.so[0m
[4.416s] [ 89%] Built target doozy_actions__python
[4.426s] [35m[1mScanning dependencies of target doozy_actions__rosidl_typesupport_introspection_c__pyext[0m
[4.426s] [35m[1mScanning dependencies of target doozy_actions__rosidl_typesupport_fastrtps_c__pyext[0m
[4.428s] [35m[1mScanning dependencies of target doozy_actions__rosidl_typesupport_c__pyext[0m
[4.442s] [ 90%] [32mBuilding C object CMakeFiles/doozy_actions__rosidl_typesupport_fastrtps_c__pyext.dir/rosidl_generator_py/doozy_actions/_doozy_actions_s.ep.rosidl_typesupport_fastrtps_c.c.o[0m
[4.442s] [ 92%] [32mBuilding C object CMakeFiles/doozy_actions__rosidl_typesupport_introspection_c__pyext.dir/rosidl_generator_py/doozy_actions/_doozy_actions_s.ep.rosidl_typesupport_introspection_c.c.o[0m
[4.443s] [ 94%] [32mBuilding C object CMakeFiles/doozy_actions__rosidl_typesupport_c__pyext.dir/rosidl_generator_py/doozy_actions/_doozy_actions_s.ep.rosidl_typesupport_c.c.o[0m
[4.514s] [ 96%] [32m[1mLinking CXX shared library rosidl_generator_py/doozy_actions/doozy_actions_s__rosidl_typesupport_fastrtps_c.cpython-38-x86_64-linux-gnu.so[0m
[4.516s] [ 98%] [32m[1mLinking C shared library rosidl_generator_py/doozy_actions/doozy_actions_s__rosidl_typesupport_introspection_c.cpython-38-x86_64-linux-gnu.so[0m
[4.521s] [100%] [32m[1mLinking C shared library rosidl_generator_py/doozy_actions/doozy_actions_s__rosidl_typesupport_c.cpython-38-x86_64-linux-gnu.so[0m
[4.549s] [100%] Built target doozy_actions__rosidl_typesupport_introspection_c__pyext
[4.552s] [100%] Built target doozy_actions__rosidl_typesupport_c__pyext
[4.564s] [100%] Built target doozy_actions__rosidl_typesupport_fastrtps_c__pyext
[4.573s] Invoked command in '/home/avinaash/daimler_tugger/doozy_ws_2/build/doozy_actions' returned '0': CMAKE_PREFIX_PATH=${CMAKE_PREFIX_PATH}:/home/avinaash/doozy_robotics/doozy_ws_2/install/pallet_docker_02:/home/avinaash/doozy_robotics/doozy_ws_2/install/2_t_dolly_logistics_driver:/home/avinaash/ForkLift_AMR/install/doozy_forklift:/opt/ros/galactic /usr/bin/cmake --build /home/avinaash/daimler_tugger/doozy_ws_2/build/doozy_actions -- -j16 -l16
[4.643s] Invoking command in '/home/avinaash/daimler_tugger/doozy_ws_2/build/doozy_actions': CMAKE_PREFIX_PATH=${CMAKE_PREFIX_PATH}:/home/avinaash/doozy_robotics/doozy_ws_2/install/pallet_docker_02:/home/avinaash/doozy_robotics/doozy_ws_2/install/2_t_dolly_logistics_driver:/home/avinaash/ForkLift_AMR/install/doozy_forklift:/opt/ros/galactic /usr/bin/cmake --install /home/avinaash/daimler_tugger/doozy_ws_2/build/doozy_actions
[4.652s] -- Install configuration: ""
[4.653s] -- Installing: /home/avinaash/daimler_tugger/doozy_ws_2/install/doozy_actions/share/ament_index/resource_index/rosidl_interfaces/doozy_actions
[4.653s] -- Installing: /home/avinaash/daimler_tugger/doozy_ws_2/install/doozy_actions/include/doozy_actions
[4.653s] -- Installing: /home/avinaash/daimler_tugger/doozy_ws_2/install/doozy_actions/include/doozy_actions/msg
[4.653s] -- Installing: /home/avinaash/daimler_tugger/doozy_ws_2/install/doozy_actions/include/doozy_actions/msg/rosidl_generator_c__visibility_control.h
[4.653s] -- Installing: /home/avinaash/daimler_tugger/doozy_ws_2/install/doozy_actions/include/doozy_actions/msg/detail
[4.653s] -- Installing: /home/avinaash/daimler_tugger/doozy_ws_2/install/doozy_actions/include/doozy_actions/msg/detail/navigation__type_support.h
[4.653s] -- Installing: /home/avinaash/daimler_tugger/doozy_ws_2/install/doozy_actions/include/doozy_actions/msg/detail/diagnostics__functions.h
[4.654s] -- Installing: /home/avinaash/daimler_tugger/doozy_ws_2/install/doozy_actions/include/doozy_actions/msg/detail/docking__functions.h
[4.654s] -- Installing: /home/avinaash/daimler_tugger/doozy_ws_2/install/doozy_actions/include/doozy_actions/msg/detail/docking__functions.c
[4.654s] -- Installing: /home/avinaash/daimler_tugger/doozy_ws_2/install/doozy_actions/include/doozy_actions/msg/detail/docking__struct.h
[4.654s] -- Installing: /home/avinaash/daimler_tugger/doozy_ws_2/install/doozy_actions/include/doozy_actions/msg/detail/docking__type_support.h
[4.654s] -- Installing: /home/avinaash/daimler_tugger/doozy_ws_2/install/doozy_actions/include/doozy_actions/msg/detail/diagnostics__functions.c
[4.654s] -- Installing: /home/avinaash/daimler_tugger/doozy_ws_2/install/doozy_actions/include/doozy_actions/msg/detail/navigation__struct.h
[4.654s] -- Installing: /home/avinaash/daimler_tugger/doozy_ws_2/install/doozy_actions/include/doozy_actions/msg/detail/diagnostics__type_support.h
[4.654s] -- Installing: /home/avinaash/daimler_tugger/doozy_ws_2/install/doozy_actions/include/doozy_actions/msg/detail/navigation__functions.c
[4.654s] -- Installing: /home/avinaash/daimler_tugger/doozy_ws_2/install/doozy_actions/include/doozy_actions/msg/detail/diagnostics__struct.h
[4.654s] -- Installing: /home/avinaash/daimler_tugger/doozy_ws_2/install/doozy_actions/include/doozy_actions/msg/detail/navigation__functions.h
[4.654s] -- Installing: /home/avinaash/daimler_tugger/doozy_ws_2/install/doozy_actions/include/doozy_actions/msg/navigation.h
[4.655s] -- Installing: /home/avinaash/daimler_tugger/doozy_ws_2/install/doozy_actions/include/doozy_actions/msg/docking.h
[4.655s] -- Installing: /home/avinaash/daimler_tugger/doozy_ws_2/install/doozy_actions/include/doozy_actions/msg/diagnostics.h
[4.655s] -- Installing: /home/avinaash/daimler_tugger/doozy_ws_2/install/doozy_actions/include/doozy_actions/action
[4.655s] -- Installing: /home/avinaash/daimler_tugger/doozy_ws_2/install/doozy_actions/include/doozy_actions/action/detail
[4.655s] -- Installing: /home/avinaash/daimler_tugger/doozy_ws_2/install/doozy_actions/include/doozy_actions/action/detail/dolly_dock__type_support.h
[4.655s] -- Installing: /home/avinaash/daimler_tugger/doozy_ws_2/install/doozy_actions/include/doozy_actions/action/detail/dolly_dock__functions.c
[4.655s] -- Installing: /home/avinaash/daimler_tugger/doozy_ws_2/install/doozy_actions/include/doozy_actions/action/detail/dolly_dock__functions.h
[4.655s] -- Installing: /home/avinaash/daimler_tugger/doozy_ws_2/install/doozy_actions/include/doozy_actions/action/detail/dolly_dock__struct.h
[4.655s] -- Installing: /home/avinaash/daimler_tugger/doozy_ws_2/install/doozy_actions/include/doozy_actions/action/dolly_dock.h
[4.655s] -- Installing: /home/avinaash/daimler_tugger/doozy_ws_2/install/doozy_actions/share/doozy_actions/environment/library_path.sh
[4.655s] -- Installing: /home/avinaash/daimler_tugger/doozy_ws_2/install/doozy_actions/share/doozy_actions/environment/library_path.dsv
[4.656s] -- Installing: /home/avinaash/daimler_tugger/doozy_ws_2/install/doozy_actions/lib/libdoozy_actions__rosidl_generator_c.so
[4.656s] -- Set runtime path of "/home/avinaash/daimler_tugger/doozy_ws_2/install/doozy_actions/lib/libdoozy_actions__rosidl_generator_c.so" to ""
[4.656s] -- Up-to-date: /home/avinaash/daimler_tugger/doozy_ws_2/install/doozy_actions/include/doozy_actions
[4.656s] -- Up-to-date: /home/avinaash/daimler_tugger/doozy_ws_2/install/doozy_actions/include/doozy_actions/msg
[4.656s] -- Installing: /home/avinaash/daimler_tugger/doozy_ws_2/install/doozy_actions/include/doozy_actions/msg/rosidl_typesupport_fastrtps_c__visibility_control.h
[4.656s] -- Up-to-date: /home/avinaash/daimler_tugger/doozy_ws_2/install/doozy_actions/include/doozy_actions/msg/detail
[4.656s] -- Installing: /home/avinaash/daimler_tugger/doozy_ws_2/install/doozy_actions/include/doozy_actions/msg/detail/navigation__rosidl_typesupport_fastrtps_c.h
[4.656s] -- Installing: /home/avinaash/daimler_tugger/doozy_ws_2/install/doozy_actions/include/doozy_actions/msg/detail/docking__rosidl_typesupport_fastrtps_c.h
[4.656s] -- Installing: /home/avinaash/daimler_tugger/doozy_ws_2/install/doozy_actions/include/doozy_actions/msg/detail/diagnostics__rosidl_typesupport_fastrtps_c.h
[4.656s] -- Up-to-date: /home/avinaash/daimler_tugger/doozy_ws_2/install/doozy_actions/include/doozy_actions/action
[4.656s] -- Up-to-date: /home/avinaash/daimler_tugger/doozy_ws_2/install/doozy_actions/include/doozy_actions/action/detail
[4.656s] -- Installing: /home/avinaash/daimler_tugger/doozy_ws_2/install/doozy_actions/include/doozy_actions/action/detail/dolly_dock__rosidl_typesupport_fastrtps_c.h
[4.657s] -- Installing: /home/avinaash/daimler_tugger/doozy_ws_2/install/doozy_actions/lib/libdoozy_actions__rosidl_typesupport_fastrtps_c.so
[4.657s] -- Set runtime path of "/home/avinaash/daimler_tugger/doozy_ws_2/install/doozy_actions/lib/libdoozy_actions__rosidl_typesupport_fastrtps_c.so" to ""
[4.657s] -- Up-to-date: /home/avinaash/daimler_tugger/doozy_ws_2/install/doozy_actions/include/doozy_actions
[4.657s] -- Up-to-date: /home/avinaash/daimler_tugger/doozy_ws_2/install/doozy_actions/include/doozy_actions/msg
[4.657s] -- Up-to-date: /home/avinaash/daimler_tugger/doozy_ws_2/install/doozy_actions/include/doozy_actions/msg/detail
[4.657s] -- Installing: /home/avinaash/daimler_tugger/doozy_ws_2/install/doozy_actions/include/doozy_actions/msg/detail/docking__rosidl_typesupport_fastrtps_cpp.hpp
[4.657s] -- Installing: /home/avinaash/daimler_tugger/doozy_ws_2/install/doozy_actions/include/doozy_actions/msg/detail/diagnostics__rosidl_typesupport_fastrtps_cpp.hpp
[4.657s] -- Installing: /home/avinaash/daimler_tugger/doozy_ws_2/install/doozy_actions/include/doozy_actions/msg/detail/navigation__rosidl_typesupport_fastrtps_cpp.hpp
[4.657s] -- Installing: /home/avinaash/daimler_tugger/doozy_ws_2/install/doozy_actions/include/doozy_actions/msg/detail/dds_fastrtps
[4.657s] -- Installing: /home/avinaash/daimler_tugger/doozy_ws_2/install/doozy_actions/include/doozy_actions/msg/rosidl_typesupport_fastrtps_cpp__visibility_control.h
[4.657s] -- Up-to-date: /home/avinaash/daimler_tugger/doozy_ws_2/install/doozy_actions/include/doozy_actions/action
[4.658s] -- Up-to-date: /home/avinaash/daimler_tugger/doozy_ws_2/install/doozy_actions/include/doozy_actions/action/detail
[4.658s] -- Installing: /home/avinaash/daimler_tugger/doozy_ws_2/install/doozy_actions/include/doozy_actions/action/detail/dds_fastrtps
[4.658s] -- Installing: /home/avinaash/daimler_tugger/doozy_ws_2/install/doozy_actions/include/doozy_actions/action/detail/dolly_dock__rosidl_typesupport_fastrtps_cpp.hpp
[4.658s] -- Installing: /home/avinaash/daimler_tugger/doozy_ws_2/install/doozy_actions/lib/libdoozy_actions__rosidl_typesupport_fastrtps_cpp.so
[4.658s] -- Set runtime path of "/home/avinaash/daimler_tugger/doozy_ws_2/install/doozy_actions/lib/libdoozy_actions__rosidl_typesupport_fastrtps_cpp.so" to ""
[4.658s] -- Up-to-date: /home/avinaash/daimler_tugger/doozy_ws_2/install/doozy_actions/include/doozy_actions
[4.658s] -- Up-to-date: /home/avinaash/daimler_tugger/doozy_ws_2/install/doozy_actions/include/doozy_actions/msg
[4.658s] -- Installing: /home/avinaash/daimler_tugger/doozy_ws_2/install/doozy_actions/include/doozy_actions/msg/rosidl_typesupport_introspection_c__visibility_control.h
[4.658s] -- Up-to-date: /home/avinaash/daimler_tugger/doozy_ws_2/install/doozy_actions/include/doozy_actions/msg/detail
[4.658s] -- Installing: /home/avinaash/daimler_tugger/doozy_ws_2/install/doozy_actions/include/doozy_actions/msg/detail/navigation__rosidl_typesupport_introspection_c.h
[4.658s] -- Installing: /home/avinaash/daimler_tugger/doozy_ws_2/install/doozy_actions/include/doozy_actions/msg/detail/diagnostics__type_support.c
[4.659s] -- Installing: /home/avinaash/daimler_tugger/doozy_ws_2/install/doozy_actions/include/doozy_actions/msg/detail/diagnostics__rosidl_typesupport_introspection_c.h
[4.659s] -- Installing: /home/avinaash/daimler_tugger/doozy_ws_2/install/doozy_actions/include/doozy_actions/msg/detail/navigation__type_support.c
[4.659s] -- Installing: /home/avinaash/daimler_tugger/doozy_ws_2/install/doozy_actions/include/doozy_actions/msg/detail/docking__type_support.c
[4.659s] -- Installing: /home/avinaash/daimler_tugger/doozy_ws_2/install/doozy_actions/include/doozy_actions/msg/detail/docking__rosidl_typesupport_introspection_c.h
[4.659s] -- Up-to-date: /home/avinaash/daimler_tugger/doozy_ws_2/install/doozy_actions/include/doozy_actions/action
[4.659s] -- Up-to-date: /home/avinaash/daimler_tugger/doozy_ws_2/install/doozy_actions/include/doozy_actions/action/detail
[4.659s] -- Installing: /home/avinaash/daimler_tugger/doozy_ws_2/install/doozy_actions/include/doozy_actions/action/detail/dolly_dock__rosidl_typesupport_introspection_c.h
[4.659s] -- Installing: /home/avinaash/daimler_tugger/doozy_ws_2/install/doozy_actions/include/doozy_actions/action/detail/dolly_dock__type_support.c
[4.659s] -- Installing: /home/avinaash/daimler_tugger/doozy_ws_2/install/doozy_actions/lib/libdoozy_actions__rosidl_typesupport_introspection_c.so
[4.659s] -- Set runtime path of "/home/avinaash/daimler_tugger/doozy_ws_2/install/doozy_actions/lib/libdoozy_actions__rosidl_typesupport_introspection_c.so" to ""
[4.659s] -- Installing: /home/avinaash/daimler_tugger/doozy_ws_2/install/doozy_actions/lib/libdoozy_actions__rosidl_typesupport_c.so
[4.659s] -- Set runtime path of "/home/avinaash/daimler_tugger/doozy_ws_2/install/doozy_actions/lib/libdoozy_actions__rosidl_typesupport_c.so" to ""
[4.659s] -- Up-to-date: /home/avinaash/daimler_tugger/doozy_ws_2/install/doozy_actions/include/doozy_actions
[4.660s] -- Up-to-date: /home/avinaash/daimler_tugger/doozy_ws_2/install/doozy_actions/include/doozy_actions/msg
[4.660s] -- Installing: /home/avinaash/daimler_tugger/doozy_ws_2/install/doozy_actions/include/doozy_actions/msg/diagnostics.hpp
[4.660s] -- Up-to-date: /home/avinaash/daimler_tugger/doozy_ws_2/install/doozy_actions/include/doozy_actions/msg/detail
[4.660s] -- Installing: /home/avinaash/daimler_tugger/doozy_ws_2/install/doozy_actions/include/doozy_actions/msg/detail/docking__traits.hpp
[4.660s] -- Installing: /home/avinaash/daimler_tugger/doozy_ws_2/install/doozy_actions/include/doozy_actions/msg/detail/navigation__traits.hpp
[4.660s] -- Installing: /home/avinaash/daimler_tugger/doozy_ws_2/install/doozy_actions/include/doozy_actions/msg/detail/diagnostics__builder.hpp
[4.660s] -- Installing: /home/avinaash/daimler_tugger/doozy_ws_2/install/doozy_actions/include/doozy_actions/msg/detail/navigation__struct.hpp
[4.660s] -- Installing: /home/avinaash/daimler_tugger/doozy_ws_2/install/doozy_actions/include/doozy_actions/msg/detail/diagnostics__traits.hpp
[4.660s] -- Installing: /home/avinaash/daimler_tugger/doozy_ws_2/install/doozy_actions/include/doozy_actions/msg/detail/docking__struct.hpp
[4.660s] -- Installing: /home/avinaash/daimler_tugger/doozy_ws_2/install/doozy_actions/include/doozy_actions/msg/detail/diagnostics__struct.hpp
[4.660s] -- Installing: /home/avinaash/daimler_tugger/doozy_ws_2/install/doozy_actions/include/doozy_actions/msg/detail/docking__builder.hpp
[4.660s] -- Installing: /home/avinaash/daimler_tugger/doozy_ws_2/install/doozy_actions/include/doozy_actions/msg/detail/navigation__builder.hpp
[4.660s] -- Installing: /home/avinaash/daimler_tugger/doozy_ws_2/install/doozy_actions/include/doozy_actions/msg/navigation.hpp
[4.660s] -- Installing: /home/avinaash/daimler_tugger/doozy_ws_2/install/doozy_actions/include/doozy_actions/msg/docking.hpp
[4.661s] -- Up-to-date: /home/avinaash/daimler_tugger/doozy_ws_2/install/doozy_actions/include/doozy_actions/action
[4.661s] -- Up-to-date: /home/avinaash/daimler_tugger/doozy_ws_2/install/doozy_actions/include/doozy_actions/action/detail
[4.661s] -- Installing: /home/avinaash/daimler_tugger/doozy_ws_2/install/doozy_actions/include/doozy_actions/action/detail/dolly_dock__builder.hpp
[4.661s] -- Installing: /home/avinaash/daimler_tugger/doozy_ws_2/install/doozy_actions/include/doozy_actions/action/detail/dolly_dock__traits.hpp
[4.661s] -- Installing: /home/avinaash/daimler_tugger/doozy_ws_2/install/doozy_actions/include/doozy_actions/action/detail/dolly_dock__struct.hpp
[4.661s] -- Installing: /home/avinaash/daimler_tugger/doozy_ws_2/install/doozy_actions/include/doozy_actions/action/dolly_dock.hpp
[4.661s] -- Up-to-date: /home/avinaash/daimler_tugger/doozy_ws_2/install/doozy_actions/include/doozy_actions
[4.661s] -- Up-to-date: /home/avinaash/daimler_tugger/doozy_ws_2/install/doozy_actions/include/doozy_actions/msg
[4.661s] -- Up-to-date: /home/avinaash/daimler_tugger/doozy_ws_2/install/doozy_actions/include/doozy_actions/msg/detail
[4.661s] -- Installing: /home/avinaash/daimler_tugger/doozy_ws_2/install/doozy_actions/include/doozy_actions/msg/detail/docking__rosidl_typesupport_introspection_cpp.hpp
[4.661s] -- Installing: /home/avinaash/daimler_tugger/doozy_ws_2/install/doozy_actions/include/doozy_actions/msg/detail/diagnostics__type_support.cpp
[4.661s] -- Installing: /home/avinaash/daimler_tugger/doozy_ws_2/install/doozy_actions/include/doozy_actions/msg/detail/navigation__type_support.cpp
[4.661s] -- Installing: /home/avinaash/daimler_tugger/doozy_ws_2/install/doozy_actions/include/doozy_actions/msg/detail/docking__type_support.cpp
[4.661s] -- Installing: /home/avinaash/daimler_tugger/doozy_ws_2/install/doozy_actions/include/doozy_actions/msg/detail/diagnostics__rosidl_typesupport_introspection_cpp.hpp
[4.662s] -- Installing: /home/avinaash/daimler_tugger/doozy_ws_2/install/doozy_actions/include/doozy_actions/msg/detail/navigation__rosidl_typesupport_introspection_cpp.hpp
[4.662s] -- Up-to-date: /home/avinaash/daimler_tugger/doozy_ws_2/install/doozy_actions/include/doozy_actions/action
[4.662s] -- Up-to-date: /home/avinaash/daimler_tugger/doozy_ws_2/install/doozy_actions/include/doozy_actions/action/detail
[4.662s] -- Installing: /home/avinaash/daimler_tugger/doozy_ws_2/install/doozy_actions/include/doozy_actions/action/detail/dolly_dock__type_support.cpp
[4.662s] -- Installing: /home/avinaash/daimler_tugger/doozy_ws_2/install/doozy_actions/include/doozy_actions/action/detail/dolly_dock__rosidl_typesupport_introspection_cpp.hpp
[4.662s] -- Installing: /home/avinaash/daimler_tugger/doozy_ws_2/install/doozy_actions/lib/libdoozy_actions__rosidl_typesupport_introspection_cpp.so
[4.662s] -- Set runtime path of "/home/avinaash/daimler_tugger/doozy_ws_2/install/doozy_actions/lib/libdoozy_actions__rosidl_typesupport_introspection_cpp.so" to ""
[4.662s] -- Installing: /home/avinaash/daimler_tugger/doozy_ws_2/install/doozy_actions/lib/libdoozy_actions__rosidl_typesupport_cpp.so
[4.662s] -- Set runtime path of "/home/avinaash/daimler_tugger/doozy_ws_2/install/doozy_actions/lib/libdoozy_actions__rosidl_typesupport_cpp.so" to ""
[4.662s] -- Installing: /home/avinaash/daimler_tugger/doozy_ws_2/install/doozy_actions/share/doozy_actions/environment/pythonpath.sh
[4.662s] -- Installing: /home/avinaash/daimler_tugger/doozy_ws_2/install/doozy_actions/share/doozy_actions/environment/pythonpath.dsv
[4.662s] -- Installing: /home/avinaash/daimler_tugger/doozy_ws_2/install/doozy_actions/lib/python3.8/site-packages/doozy_actions/__init__.py
[4.683s] Compiling '/home/avinaash/daimler_tugger/doozy_ws_2/install/doozy_actions/lib/python3.8/site-packages/doozy_actions/__init__.py'...
[4.685s] -- Installing: /home/avinaash/daimler_tugger/doozy_ws_2/install/doozy_actions/lib/python3.8/site-packages/doozy_actions/action
[4.685s] -- Installing: /home/avinaash/daimler_tugger/doozy_ws_2/install/doozy_actions/lib/python3.8/site-packages/doozy_actions/action/_dolly_dock.py
[4.685s] -- Installing: /home/avinaash/daimler_tugger/doozy_ws_2/install/doozy_actions/lib/python3.8/site-packages/doozy_actions/action/_dolly_dock_s.c
[4.686s] -- Installing: /home/avinaash/daimler_tugger/doozy_ws_2/install/doozy_actions/lib/python3.8/site-packages/doozy_actions/action/__init__.py
[4.686s] -- Installing: /home/avinaash/daimler_tugger/doozy_ws_2/install/doozy_actions/lib/python3.8/site-packages/doozy_actions/msg
[4.686s] -- Installing: /home/avinaash/daimler_tugger/doozy_ws_2/install/doozy_actions/lib/python3.8/site-packages/doozy_actions/msg/_navigation.py
[4.686s] -- Installing: /home/avinaash/daimler_tugger/doozy_ws_2/install/doozy_actions/lib/python3.8/site-packages/doozy_actions/msg/_diagnostics.py
[4.686s] -- Installing: /home/avinaash/daimler_tugger/doozy_ws_2/install/doozy_actions/lib/python3.8/site-packages/doozy_actions/msg/__init__.py
[4.686s] -- Installing: /home/avinaash/daimler_tugger/doozy_ws_2/install/doozy_actions/lib/python3.8/site-packages/doozy_actions/msg/_docking.py
[4.686s] -- Installing: /home/avinaash/daimler_tugger/doozy_ws_2/install/doozy_actions/lib/python3.8/site-packages/doozy_actions/msg/_navigation_s.c
[4.686s] -- Installing: /home/avinaash/daimler_tugger/doozy_ws_2/install/doozy_actions/lib/python3.8/site-packages/doozy_actions/msg/_docking_s.c
[4.686s] -- Installing: /home/avinaash/daimler_tugger/doozy_ws_2/install/doozy_actions/lib/python3.8/site-packages/doozy_actions/msg/_diagnostics_s.c
[4.687s] -- Installing: /home/avinaash/daimler_tugger/doozy_ws_2/install/doozy_actions/lib/python3.8/site-packages/doozy_actions/doozy_actions_s__rosidl_typesupport_fastrtps_c.cpython-38-x86_64-linux-gnu.so
[4.687s] -- Set runtime path of "/home/avinaash/daimler_tugger/doozy_ws_2/install/doozy_actions/lib/python3.8/site-packages/doozy_actions/doozy_actions_s__rosidl_typesupport_fastrtps_c.cpython-38-x86_64-linux-gnu.so" to ""
[4.688s] -- Installing: /home/avinaash/daimler_tugger/doozy_ws_2/install/doozy_actions/lib/python3.8/site-packages/doozy_actions/doozy_actions_s__rosidl_typesupport_introspection_c.cpython-38-x86_64-linux-gnu.so
[4.688s] -- Set runtime path of "/home/avinaash/daimler_tugger/doozy_ws_2/install/doozy_actions/lib/python3.8/site-packages/doozy_actions/doozy_actions_s__rosidl_typesupport_introspection_c.cpython-38-x86_64-linux-gnu.so" to ""
[4.689s] -- Installing: /home/avinaash/daimler_tugger/doozy_ws_2/install/doozy_actions/lib/python3.8/site-packages/doozy_actions/doozy_actions_s__rosidl_typesupport_c.cpython-38-x86_64-linux-gnu.so
[4.689s] -- Set runtime path of "/home/avinaash/daimler_tugger/doozy_ws_2/install/doozy_actions/lib/python3.8/site-packages/doozy_actions/doozy_actions_s__rosidl_typesupport_c.cpython-38-x86_64-linux-gnu.so" to ""
[4.690s] -- Installing: /home/avinaash/daimler_tugger/doozy_ws_2/install/doozy_actions/lib/libdoozy_actions__python.so
[4.690s] -- Set runtime path of "/home/avinaash/daimler_tugger/doozy_ws_2/install/doozy_actions/lib/libdoozy_actions__python.so" to ""
[4.690s] -- Installing: /home/avinaash/daimler_tugger/doozy_ws_2/install/doozy_actions/share/doozy_actions/action/DollyDock.idl
[4.691s] -- Installing: /home/avinaash/daimler_tugger/doozy_ws_2/install/doozy_actions/share/doozy_actions/msg/Docking.idl
[4.691s] -- Installing: /home/avinaash/daimler_tugger/doozy_ws_2/install/doozy_actions/share/doozy_actions/msg/Diagnostics.idl
[4.691s] -- Installing: /home/avinaash/daimler_tugger/doozy_ws_2/install/doozy_actions/share/doozy_actions/msg/Navigation.idl
[4.691s] -- Installing: /home/avinaash/daimler_tugger/doozy_ws_2/install/doozy_actions/share/doozy_actions/action/DollyDock.action
[4.691s] -- Installing: /home/avinaash/daimler_tugger/doozy_ws_2/install/doozy_actions/share/doozy_actions/msg/Docking.msg
[4.691s] -- Installing: /home/avinaash/daimler_tugger/doozy_ws_2/install/doozy_actions/share/doozy_actions/msg/Diagnostics.msg
[4.692s] -- Installing: /home/avinaash/daimler_tugger/doozy_ws_2/install/doozy_actions/share/doozy_actions/msg/Navigation.msg
[4.692s] -- Installing: /home/avinaash/daimler_tugger/doozy_ws_2/install/doozy_actions/share/ament_index/resource_index/package_run_dependencies/doozy_actions
[4.692s] -- Installing: /home/avinaash/daimler_tugger/doozy_ws_2/install/doozy_actions/share/ament_index/resource_index/parent_prefix_path/doozy_actions
[4.692s] -- Installing: /home/avinaash/daimler_tugger/doozy_ws_2/install/doozy_actions/share/doozy_actions/environment/ament_prefix_path.sh
[4.692s] -- Installing: /home/avinaash/daimler_tugger/doozy_ws_2/install/doozy_actions/share/doozy_actions/environment/ament_prefix_path.dsv
[4.692s] -- Installing: /home/avinaash/daimler_tugger/doozy_ws_2/install/doozy_actions/share/doozy_actions/environment/path.sh
[4.693s] -- Installing: /home/avinaash/daimler_tugger/doozy_ws_2/install/doozy_actions/share/doozy_actions/environment/path.dsv
[4.693s] -- Installing: /home/avinaash/daimler_tugger/doozy_ws_2/install/doozy_actions/share/doozy_actions/local_setup.bash
[4.693s] -- Installing: /home/avinaash/daimler_tugger/doozy_ws_2/install/doozy_actions/share/doozy_actions/local_setup.sh
[4.693s] -- Installing: /home/avinaash/daimler_tugger/doozy_ws_2/install/doozy_actions/share/doozy_actions/local_setup.zsh
[4.693s] -- Installing: /home/avinaash/daimler_tugger/doozy_ws_2/install/doozy_actions/share/doozy_actions/local_setup.dsv
[4.693s] -- Installing: /home/avinaash/daimler_tugger/doozy_ws_2/install/doozy_actions/share/doozy_actions/package.dsv
[4.694s] -- Installing: /home/avinaash/daimler_tugger/doozy_ws_2/install/doozy_actions/share/ament_index/resource_index/packages/doozy_actions
[4.694s] -- Installing: /home/avinaash/daimler_tugger/doozy_ws_2/install/doozy_actions/share/doozy_actions/cmake/doozy_actions__rosidl_generator_cExport.cmake
[4.694s] -- Installing: /home/avinaash/daimler_tugger/doozy_ws_2/install/doozy_actions/share/doozy_actions/cmake/doozy_actions__rosidl_generator_cExport-noconfig.cmake
[4.694s] -- Installing: /home/avinaash/daimler_tugger/doozy_ws_2/install/doozy_actions/share/doozy_actions/cmake/doozy_actions__rosidl_typesupport_introspection_cExport.cmake
[4.694s] -- Installing: /home/avinaash/daimler_tugger/doozy_ws_2/install/doozy_actions/share/doozy_actions/cmake/doozy_actions__rosidl_typesupport_introspection_cExport-noconfig.cmake
[4.695s] -- Installing: /home/avinaash/daimler_tugger/doozy_ws_2/install/doozy_actions/share/doozy_actions/cmake/doozy_actions__rosidl_typesupport_cExport.cmake
[4.695s] -- Installing: /home/avinaash/daimler_tugger/doozy_ws_2/install/doozy_actions/share/doozy_actions/cmake/doozy_actions__rosidl_typesupport_cExport-noconfig.cmake
[4.695s] -- Installing: /home/avinaash/daimler_tugger/doozy_ws_2/install/doozy_actions/share/doozy_actions/cmake/doozy_actions__rosidl_generator_cppExport.cmake
[4.695s] -- Installing: /home/avinaash/daimler_tugger/doozy_ws_2/install/doozy_actions/share/doozy_actions/cmake/doozy_actions__rosidl_typesupport_introspection_cppExport.cmake
[4.696s] -- Installing: /home/avinaash/daimler_tugger/doozy_ws_2/install/doozy_actions/share/doozy_actions/cmake/doozy_actions__rosidl_typesupport_introspection_cppExport-noconfig.cmake
[4.696s] -- Installing: /home/avinaash/daimler_tugger/doozy_ws_2/install/doozy_actions/share/doozy_actions/cmake/doozy_actions__rosidl_typesupport_cppExport.cmake
[4.696s] -- Installing: /home/avinaash/daimler_tugger/doozy_ws_2/install/doozy_actions/share/doozy_actions/cmake/doozy_actions__rosidl_typesupport_cppExport-noconfig.cmake
[4.696s] -- Installing: /home/avinaash/daimler_tugger/doozy_ws_2/install/doozy_actions/share/doozy_actions/cmake/rosidl_cmake-extras.cmake
[4.696s] -- Installing: /home/avinaash/daimler_tugger/doozy_ws_2/install/doozy_actions/share/doozy_actions/cmake/ament_cmake_export_dependencies-extras.cmake
[4.696s] -- Installing: /home/avinaash/daimler_tugger/doozy_ws_2/install/doozy_actions/share/doozy_actions/cmake/ament_cmake_export_libraries-extras.cmake
[4.696s] -- Installing: /home/avinaash/daimler_tugger/doozy_ws_2/install/doozy_actions/share/doozy_actions/cmake/ament_cmake_export_targets-extras.cmake
[4.696s] -- Installing: /home/avinaash/daimler_tugger/doozy_ws_2/install/doozy_actions/share/doozy_actions/cmake/ament_cmake_export_include_directories-extras.cmake
[4.696s] -- Installing: /home/avinaash/daimler_tugger/doozy_ws_2/install/doozy_actions/share/doozy_actions/cmake/rosidl_cmake_export_typesupport_libraries-extras.cmake
[4.696s] -- Installing: /home/avinaash/daimler_tugger/doozy_ws_2/install/doozy_actions/share/doozy_actions/cmake/rosidl_cmake_export_typesupport_targets-extras.cmake
[4.696s] -- Installing: /home/avinaash/daimler_tugger/doozy_ws_2/install/doozy_actions/share/doozy_actions/cmake/doozy_actionsConfig.cmake
[4.696s] -- Installing: /home/avinaash/daimler_tugger/doozy_ws_2/install/doozy_actions/share/doozy_actions/cmake/doozy_actionsConfig-version.cmake
[4.696s] -- Installing: /home/avinaash/daimler_tugger/doozy_ws_2/install/doozy_actions/share/doozy_actions/package.xml
[4.698s] Invoked command in '/home/avinaash/daimler_tugger/doozy_ws_2/build/doozy_actions' returned '0': CMAKE_PREFIX_PATH=${CMAKE_PREFIX_PATH}:/home/avinaash/doozy_robotics/doozy_ws_2/install/pallet_docker_02:/home/avinaash/doozy_robotics/doozy_ws_2/install/2_t_dolly_logistics_driver:/home/avinaash/ForkLift_AMR/install/doozy_forklift:/opt/ros/galactic /usr/bin/cmake --install /home/avinaash/daimler_tugger/doozy_ws_2/build/doozy_actions
