[  0%] Built target geometry_msgs_generate_messages_cpp
[  0%] Built target actionlib_msgs_generate_messages_nodejs
[  0%] Built target geometry_msgs_generate_messages_nodejs
[  0%] Built target std_msgs_generate_messages_nodejs
[  0%] Built target actionlib_msgs_generate_messages_cpp
[  0%] Built target std_msgs_generate_messages_eus
[  0%] Built target std_msgs_generate_messages_cpp
[  0%] Built target geometry_msgs_generate_messages_lisp
[  0%] Built target std_msgs_generate_messages_lisp
[  0%] Built target geometry_msgs_generate_messages_eus
[  0%] Built target actionlib_msgs_generate_messages_lisp
[  0%] Built target actionlib_msgs_generate_messages_eus
[  0%] Built target actionlib_msgs_generate_messages_py
[  0%] Built target std_msgs_generate_messages_py
[  0%] Built target geometry_msgs_generate_messages_py
[  0%] Built target _scripts_generate_messages_check_deps_SickTMini
[ 85%] Built target scripts_generate_messages_lisp
[ 85%] Built target scripts_generate_messages_nodejs
[ 85%] Built target scripts_generate_messages_cpp
[100%] Built target scripts_generate_messages_py
[100%] Built target scripts_generate_messages_eus
[100%] Built target scripts_generate_messages
