Linked: (/home/avinaash/daimler_tugger/doozy_ws/devel/.private/daimler_tugger/lib/python3/dist-packages/daimler_tugger/__init__.py, /home/avinaash/daimler_tugger/doozy_ws/devel/lib/python3/dist-packages/daimler_tugger/__init__.py)
Linked: (/home/avinaash/daimler_tugger/doozy_ws/devel/.private/daimler_tugger/lib/python3/dist-packages/daimler_tugger/srv/__init__.py, /home/avinaash/daimler_tugger/doozy_ws/devel/lib/python3/dist-packages/daimler_tugger/srv/__init__.py)
Linked: (/home/avinaash/daimler_tugger/doozy_ws/devel/.private/daimler_tugger/lib/python3/dist-packages/daimler_tugger/srv/_daimler_service_call.py, /home/avinaash/daimler_tugger/doozy_ws/devel/lib/python3/dist-packages/daimler_tugger/srv/_daimler_service_call.py)
Linked: (/home/avinaash/daimler_tugger/doozy_ws/devel/.private/daimler_tugger/lib/python3/dist-packages/daimler_tugger/srv/_DaimlerServiceCall.py, /home/avinaash/daimler_tugger/doozy_ws/devel/lib/python3/dist-packages/daimler_tugger/srv/_DaimlerServiceCall.py)
Linked: (/home/avinaash/daimler_tugger/doozy_ws/devel/.private/daimler_tugger/lib/pkgconfig/daimler_tugger.pc, /home/avinaash/daimler_tugger/doozy_ws/devel/lib/pkgconfig/daimler_tugger.pc)
Linked: (/home/avinaash/daimler_tugger/doozy_ws/devel/.private/daimler_tugger/share/daimler_tugger/cmake/daimler_tugger-msg-paths.cmake, /home/avinaash/daimler_tugger/doozy_ws/devel/share/daimler_tugger/cmake/daimler_tugger-msg-paths.cmake)
Linked: (/home/avinaash/daimler_tugger/doozy_ws/devel/.private/daimler_tugger/share/daimler_tugger/cmake/daimler_tuggerConfig.cmake, /home/avinaash/daimler_tugger/doozy_ws/devel/share/daimler_tugger/cmake/daimler_tuggerConfig.cmake)
Linked: (/home/avinaash/daimler_tugger/doozy_ws/devel/.private/daimler_tugger/share/daimler_tugger/cmake/daimler_tuggerConfig-version.cmake, /home/avinaash/daimler_tugger/doozy_ws/devel/share/daimler_tugger/cmake/daimler_tuggerConfig-version.cmake)
Linked: (/home/avinaash/daimler_tugger/doozy_ws/devel/.private/daimler_tugger/share/daimler_tugger/cmake/daimler_tugger-msg-extras.cmake, /home/avinaash/daimler_tugger/doozy_ws/devel/share/daimler_tugger/cmake/daimler_tugger-msg-extras.cmake)
Linked: (/home/avinaash/daimler_tugger/doozy_ws/devel/.private/daimler_tugger/share/gennodejs/ros/daimler_tugger/_index.js, /home/avinaash/daimler_tugger/doozy_ws/devel/share/gennodejs/ros/daimler_tugger/_index.js)
Linked: (/home/avinaash/daimler_tugger/doozy_ws/devel/.private/daimler_tugger/share/gennodejs/ros/daimler_tugger/srv/DaimlerServiceCall.js, /home/avinaash/daimler_tugger/doozy_ws/devel/share/gennodejs/ros/daimler_tugger/srv/DaimlerServiceCall.js)
Linked: (/home/avinaash/daimler_tugger/doozy_ws/devel/.private/daimler_tugger/share/gennodejs/ros/daimler_tugger/srv/_index.js, /home/avinaash/daimler_tugger/doozy_ws/devel/share/gennodejs/ros/daimler_tugger/srv/_index.js)
Linked: (/home/avinaash/daimler_tugger/doozy_ws/devel/.private/daimler_tugger/share/gennodejs/ros/daimler_tugger/srv/daimler_service_call.js, /home/avinaash/daimler_tugger/doozy_ws/devel/share/gennodejs/ros/daimler_tugger/srv/daimler_service_call.js)
Linked: (/home/avinaash/daimler_tugger/doozy_ws/devel/.private/daimler_tugger/share/common-lisp/ros/daimler_tugger/srv/daimler_service_call.lisp, /home/avinaash/daimler_tugger/doozy_ws/devel/share/common-lisp/ros/daimler_tugger/srv/daimler_service_call.lisp)
Linked: (/home/avinaash/daimler_tugger/doozy_ws/devel/.private/daimler_tugger/share/common-lisp/ros/daimler_tugger/srv/DaimlerServiceCall.lisp, /home/avinaash/daimler_tugger/doozy_ws/devel/share/common-lisp/ros/daimler_tugger/srv/DaimlerServiceCall.lisp)
Linked: (/home/avinaash/daimler_tugger/doozy_ws/devel/.private/daimler_tugger/share/common-lisp/ros/daimler_tugger/srv/_package_DaimlerServiceCall.lisp, /home/avinaash/daimler_tugger/doozy_ws/devel/share/common-lisp/ros/daimler_tugger/srv/_package_DaimlerServiceCall.lisp)
Linked: (/home/avinaash/daimler_tugger/doozy_ws/devel/.private/daimler_tugger/share/common-lisp/ros/daimler_tugger/srv/_package.lisp, /home/avinaash/daimler_tugger/doozy_ws/devel/share/common-lisp/ros/daimler_tugger/srv/_package.lisp)
Linked: (/home/avinaash/daimler_tugger/doozy_ws/devel/.private/daimler_tugger/share/common-lisp/ros/daimler_tugger/srv/_package_daimler_service_call.lisp, /home/avinaash/daimler_tugger/doozy_ws/devel/share/common-lisp/ros/daimler_tugger/srv/_package_daimler_service_call.lisp)
Linked: (/home/avinaash/daimler_tugger/doozy_ws/devel/.private/daimler_tugger/share/common-lisp/ros/daimler_tugger/srv/daimler_tugger-srv.asd, /home/avinaash/daimler_tugger/doozy_ws/devel/share/common-lisp/ros/daimler_tugger/srv/daimler_tugger-srv.asd)
Linked: (/home/avinaash/daimler_tugger/doozy_ws/devel/.private/daimler_tugger/share/roseus/ros/daimler_tugger/manifest.l, /home/avinaash/daimler_tugger/doozy_ws/devel/share/roseus/ros/daimler_tugger/manifest.l)
Linked: (/home/avinaash/daimler_tugger/doozy_ws/devel/.private/daimler_tugger/share/roseus/ros/daimler_tugger/srv/DaimlerServiceCall.l, /home/avinaash/daimler_tugger/doozy_ws/devel/share/roseus/ros/daimler_tugger/srv/DaimlerServiceCall.l)
Linked: (/home/avinaash/daimler_tugger/doozy_ws/devel/.private/daimler_tugger/share/roseus/ros/daimler_tugger/srv/daimler_service_call.l, /home/avinaash/daimler_tugger/doozy_ws/devel/share/roseus/ros/daimler_tugger/srv/daimler_service_call.l)
Linked: (/home/avinaash/daimler_tugger/doozy_ws/devel/.private/daimler_tugger/include/daimler_tugger/daimler_service_callRequest.h, /home/avinaash/daimler_tugger/doozy_ws/devel/include/daimler_tugger/daimler_service_callRequest.h)
Linked: (/home/avinaash/daimler_tugger/doozy_ws/devel/.private/daimler_tugger/include/daimler_tugger/daimler_service_call.h, /home/avinaash/daimler_tugger/doozy_ws/devel/include/daimler_tugger/daimler_service_call.h)
Linked: (/home/avinaash/daimler_tugger/doozy_ws/devel/.private/daimler_tugger/include/daimler_tugger/DaimlerServiceCallResponse.h, /home/avinaash/daimler_tugger/doozy_ws/devel/include/daimler_tugger/DaimlerServiceCallResponse.h)
Linked: (/home/avinaash/daimler_tugger/doozy_ws/devel/.private/daimler_tugger/include/daimler_tugger/daimler_service_callResponse.h, /home/avinaash/daimler_tugger/doozy_ws/devel/include/daimler_tugger/daimler_service_callResponse.h)
Linked: (/home/avinaash/daimler_tugger/doozy_ws/devel/.private/daimler_tugger/include/daimler_tugger/DaimlerServiceCall.h, /home/avinaash/daimler_tugger/doozy_ws/devel/include/daimler_tugger/DaimlerServiceCall.h)
Linked: (/home/avinaash/daimler_tugger/doozy_ws/devel/.private/daimler_tugger/include/daimler_tugger/DaimlerServiceCallRequest.h, /home/avinaash/daimler_tugger/doozy_ws/devel/include/daimler_tugger/DaimlerServiceCallRequest.h)
