[0.735s] Invoking command in '/home/avinaash/daimler_tugger/doozy_ws_2/src/pallet_docker_02': PYTHONPATH=/home/avinaash/daimler_tugger/doozy_ws_2/build/pallet_docker_02/prefix_override:/home/avinaash/daimler_tugger/doozy_ws_2/install/pallet_docker_02/lib/python3.8/site-packages:${PYTHONPATH} /usr/bin/python3 -W ignore:setup.py install is deprecated setup.py egg_info --egg-base ../../build/pallet_docker_02 build --build-base /home/avinaash/daimler_tugger/doozy_ws_2/build/pallet_docker_02/build install --record /home/avinaash/daimler_tugger/doozy_ws_2/build/pallet_docker_02/install.log --single-version-externally-managed install_data
[0.886s] running egg_info
[0.886s] creating ../../build/pallet_docker_02/pallet_docker_02.egg-info
[0.887s] writing ../../build/pallet_docker_02/pallet_docker_02.egg-info/PKG-INFO
[0.887s] writing dependency_links to ../../build/pallet_docker_02/pallet_docker_02.egg-info/dependency_links.txt
[0.887s] writing entry points to ../../build/pallet_docker_02/pallet_docker_02.egg-info/entry_points.txt
[0.887s] writing requirements to ../../build/pallet_docker_02/pallet_docker_02.egg-info/requires.txt
[0.887s] writing top-level names to ../../build/pallet_docker_02/pallet_docker_02.egg-info/top_level.txt
[0.888s] writing manifest file '../../build/pallet_docker_02/pallet_docker_02.egg-info/SOURCES.txt'
[0.909s] reading manifest file '../../build/pallet_docker_02/pallet_docker_02.egg-info/SOURCES.txt'
[0.910s] writing manifest file '../../build/pallet_docker_02/pallet_docker_02.egg-info/SOURCES.txt'
[0.910s] running build
[0.910s] running build_py
[0.910s] creating /home/avinaash/daimler_tugger/doozy_ws_2/build/pallet_docker_02/build
[0.910s] creating /home/avinaash/daimler_tugger/doozy_ws_2/build/pallet_docker_02/build/lib
[0.910s] creating /home/avinaash/daimler_tugger/doozy_ws_2/build/pallet_docker_02/build/lib/pallet_docker_02
[0.911s] copying pallet_docker_02/dock_with_dolly_srv_02.py -> /home/avinaash/daimler_tugger/doozy_ws_2/build/pallet_docker_02/build/lib/pallet_docker_02
[0.911s] copying pallet_docker_02/dolly_navi_client_01.py -> /home/avinaash/daimler_tugger/doozy_ws_2/build/pallet_docker_02/build/lib/pallet_docker_02
[0.911s] copying pallet_docker_02/dock_tb3_server_01.py -> /home/avinaash/daimler_tugger/doozy_ws_2/build/pallet_docker_02/build/lib/pallet_docker_02
[0.911s] copying pallet_docker_02/dock_with_dolly_cli.py -> /home/avinaash/daimler_tugger/doozy_ws_2/build/pallet_docker_02/build/lib/pallet_docker_02
[0.912s] copying pallet_docker_02/pallet_navi_03.py -> /home/avinaash/daimler_tugger/doozy_ws_2/build/pallet_docker_02/build/lib/pallet_docker_02
[0.912s] copying pallet_docker_02/nav_tb3_client_01.py -> /home/avinaash/daimler_tugger/doozy_ws_2/build/pallet_docker_02/build/lib/pallet_docker_02
[0.912s] copying pallet_docker_02/automatic_addison_docking_file.py -> /home/avinaash/daimler_tugger/doozy_ws_2/build/pallet_docker_02/build/lib/pallet_docker_02
[0.912s] copying pallet_docker_02/pid_controller_01.py -> /home/avinaash/daimler_tugger/doozy_ws_2/build/pallet_docker_02/build/lib/pallet_docker_02
[0.912s] copying pallet_docker_02/moved_to_position_cli.py -> /home/avinaash/daimler_tugger/doozy_ws_2/build/pallet_docker_02/build/lib/pallet_docker_02
[0.913s] copying pallet_docker_02/pallet_navi_02.py -> /home/avinaash/daimler_tugger/doozy_ws_2/build/pallet_docker_02/build/lib/pallet_docker_02
[0.913s] copying pallet_docker_02/pallet_navi_dock_01.py -> /home/avinaash/daimler_tugger/doozy_ws_2/build/pallet_docker_02/build/lib/pallet_docker_02
[0.913s] copying pallet_docker_02/pallet_navi_01.py -> /home/avinaash/daimler_tugger/doozy_ws_2/build/pallet_docker_02/build/lib/pallet_docker_02
[0.913s] copying pallet_docker_02/__init__.py -> /home/avinaash/daimler_tugger/doozy_ws_2/build/pallet_docker_02/build/lib/pallet_docker_02
[0.913s] copying pallet_docker_02/read_sick_camera_01.py -> /home/avinaash/daimler_tugger/doozy_ws_2/build/pallet_docker_02/build/lib/pallet_docker_02
[0.914s] copying pallet_docker_02/pallet_navi_04.py -> /home/avinaash/daimler_tugger/doozy_ws_2/build/pallet_docker_02/build/lib/pallet_docker_02
[0.914s] copying pallet_docker_02/action_01.py -> /home/avinaash/daimler_tugger/doozy_ws_2/build/pallet_docker_02/build/lib/pallet_docker_02
[0.914s] copying pallet_docker_02/pallet_detect_01.py -> /home/avinaash/daimler_tugger/doozy_ws_2/build/pallet_docker_02/build/lib/pallet_docker_02
[0.914s] copying pallet_docker_02/behaviour_tree_01.py -> /home/avinaash/daimler_tugger/doozy_ws_2/build/pallet_docker_02/build/lib/pallet_docker_02
[0.914s] copying pallet_docker_02/dolly_navi_server_01.py -> /home/avinaash/daimler_tugger/doozy_ws_2/build/pallet_docker_02/build/lib/pallet_docker_02
[0.914s] copying pallet_docker_02/client_01.py -> /home/avinaash/daimler_tugger/doozy_ws_2/build/pallet_docker_02/build/lib/pallet_docker_02
[0.915s] copying pallet_docker_02/sick_mini_t.py -> /home/avinaash/daimler_tugger/doozy_ws_2/build/pallet_docker_02/build/lib/pallet_docker_02
[0.915s] running install
[0.916s] running install_lib
[0.916s] creating /home/avinaash/daimler_tugger/doozy_ws_2/install/pallet_docker_02/lib/python3.8/site-packages/pallet_docker_02
[0.916s] copying /home/avinaash/daimler_tugger/doozy_ws_2/build/pallet_docker_02/build/lib/pallet_docker_02/dock_with_dolly_srv_02.py -> /home/avinaash/daimler_tugger/doozy_ws_2/install/pallet_docker_02/lib/python3.8/site-packages/pallet_docker_02
[0.917s] copying /home/avinaash/daimler_tugger/doozy_ws_2/build/pallet_docker_02/build/lib/pallet_docker_02/dolly_navi_client_01.py -> /home/avinaash/daimler_tugger/doozy_ws_2/install/pallet_docker_02/lib/python3.8/site-packages/pallet_docker_02
[0.917s] copying /home/avinaash/daimler_tugger/doozy_ws_2/build/pallet_docker_02/build/lib/pallet_docker_02/dock_tb3_server_01.py -> /home/avinaash/daimler_tugger/doozy_ws_2/install/pallet_docker_02/lib/python3.8/site-packages/pallet_docker_02
[0.917s] copying /home/avinaash/daimler_tugger/doozy_ws_2/build/pallet_docker_02/build/lib/pallet_docker_02/dock_with_dolly_cli.py -> /home/avinaash/daimler_tugger/doozy_ws_2/install/pallet_docker_02/lib/python3.8/site-packages/pallet_docker_02
[0.917s] copying /home/avinaash/daimler_tugger/doozy_ws_2/build/pallet_docker_02/build/lib/pallet_docker_02/pallet_navi_03.py -> /home/avinaash/daimler_tugger/doozy_ws_2/install/pallet_docker_02/lib/python3.8/site-packages/pallet_docker_02
[0.917s] copying /home/avinaash/daimler_tugger/doozy_ws_2/build/pallet_docker_02/build/lib/pallet_docker_02/nav_tb3_client_01.py -> /home/avinaash/daimler_tugger/doozy_ws_2/install/pallet_docker_02/lib/python3.8/site-packages/pallet_docker_02
[0.917s] copying /home/avinaash/daimler_tugger/doozy_ws_2/build/pallet_docker_02/build/lib/pallet_docker_02/automatic_addison_docking_file.py -> /home/avinaash/daimler_tugger/doozy_ws_2/install/pallet_docker_02/lib/python3.8/site-packages/pallet_docker_02
[0.917s] copying /home/avinaash/daimler_tugger/doozy_ws_2/build/pallet_docker_02/build/lib/pallet_docker_02/pid_controller_01.py -> /home/avinaash/daimler_tugger/doozy_ws_2/install/pallet_docker_02/lib/python3.8/site-packages/pallet_docker_02
[0.917s] copying /home/avinaash/daimler_tugger/doozy_ws_2/build/pallet_docker_02/build/lib/pallet_docker_02/moved_to_position_cli.py -> /home/avinaash/daimler_tugger/doozy_ws_2/install/pallet_docker_02/lib/python3.8/site-packages/pallet_docker_02
[0.917s] copying /home/avinaash/daimler_tugger/doozy_ws_2/build/pallet_docker_02/build/lib/pallet_docker_02/pallet_navi_02.py -> /home/avinaash/daimler_tugger/doozy_ws_2/install/pallet_docker_02/lib/python3.8/site-packages/pallet_docker_02
[0.917s] copying /home/avinaash/daimler_tugger/doozy_ws_2/build/pallet_docker_02/build/lib/pallet_docker_02/pallet_navi_dock_01.py -> /home/avinaash/daimler_tugger/doozy_ws_2/install/pallet_docker_02/lib/python3.8/site-packages/pallet_docker_02
[0.918s] copying /home/avinaash/daimler_tugger/doozy_ws_2/build/pallet_docker_02/build/lib/pallet_docker_02/pallet_navi_01.py -> /home/avinaash/daimler_tugger/doozy_ws_2/install/pallet_docker_02/lib/python3.8/site-packages/pallet_docker_02
[0.918s] copying /home/avinaash/daimler_tugger/doozy_ws_2/build/pallet_docker_02/build/lib/pallet_docker_02/__init__.py -> /home/avinaash/daimler_tugger/doozy_ws_2/install/pallet_docker_02/lib/python3.8/site-packages/pallet_docker_02
[0.918s] copying /home/avinaash/daimler_tugger/doozy_ws_2/build/pallet_docker_02/build/lib/pallet_docker_02/read_sick_camera_01.py -> /home/avinaash/daimler_tugger/doozy_ws_2/install/pallet_docker_02/lib/python3.8/site-packages/pallet_docker_02
[0.918s] copying /home/avinaash/daimler_tugger/doozy_ws_2/build/pallet_docker_02/build/lib/pallet_docker_02/pallet_navi_04.py -> /home/avinaash/daimler_tugger/doozy_ws_2/install/pallet_docker_02/lib/python3.8/site-packages/pallet_docker_02
[0.918s] copying /home/avinaash/daimler_tugger/doozy_ws_2/build/pallet_docker_02/build/lib/pallet_docker_02/action_01.py -> /home/avinaash/daimler_tugger/doozy_ws_2/install/pallet_docker_02/lib/python3.8/site-packages/pallet_docker_02
[0.918s] copying /home/avinaash/daimler_tugger/doozy_ws_2/build/pallet_docker_02/build/lib/pallet_docker_02/pallet_detect_01.py -> /home/avinaash/daimler_tugger/doozy_ws_2/install/pallet_docker_02/lib/python3.8/site-packages/pallet_docker_02
[0.918s] copying /home/avinaash/daimler_tugger/doozy_ws_2/build/pallet_docker_02/build/lib/pallet_docker_02/behaviour_tree_01.py -> /home/avinaash/daimler_tugger/doozy_ws_2/install/pallet_docker_02/lib/python3.8/site-packages/pallet_docker_02
[0.918s] copying /home/avinaash/daimler_tugger/doozy_ws_2/build/pallet_docker_02/build/lib/pallet_docker_02/dolly_navi_server_01.py -> /home/avinaash/daimler_tugger/doozy_ws_2/install/pallet_docker_02/lib/python3.8/site-packages/pallet_docker_02
[0.918s] copying /home/avinaash/daimler_tugger/doozy_ws_2/build/pallet_docker_02/build/lib/pallet_docker_02/client_01.py -> /home/avinaash/daimler_tugger/doozy_ws_2/install/pallet_docker_02/lib/python3.8/site-packages/pallet_docker_02
[0.918s] copying /home/avinaash/daimler_tugger/doozy_ws_2/build/pallet_docker_02/build/lib/pallet_docker_02/sick_mini_t.py -> /home/avinaash/daimler_tugger/doozy_ws_2/install/pallet_docker_02/lib/python3.8/site-packages/pallet_docker_02
[0.919s] byte-compiling /home/avinaash/daimler_tugger/doozy_ws_2/install/pallet_docker_02/lib/python3.8/site-packages/pallet_docker_02/dock_with_dolly_srv_02.py to dock_with_dolly_srv_02.cpython-38.pyc
[0.919s] byte-compiling /home/avinaash/daimler_tugger/doozy_ws_2/install/pallet_docker_02/lib/python3.8/site-packages/pallet_docker_02/dolly_navi_client_01.py to dolly_navi_client_01.cpython-38.pyc
[0.920s] byte-compiling /home/avinaash/daimler_tugger/doozy_ws_2/install/pallet_docker_02/lib/python3.8/site-packages/pallet_docker_02/dock_tb3_server_01.py to dock_tb3_server_01.cpython-38.pyc
[0.920s] byte-compiling /home/avinaash/daimler_tugger/doozy_ws_2/install/pallet_docker_02/lib/python3.8/site-packages/pallet_docker_02/dock_with_dolly_cli.py to dock_with_dolly_cli.cpython-38.pyc
[0.920s] byte-compiling /home/avinaash/daimler_tugger/doozy_ws_2/install/pallet_docker_02/lib/python3.8/site-packages/pallet_docker_02/pallet_navi_03.py to pallet_navi_03.cpython-38.pyc
[0.921s] byte-compiling /home/avinaash/daimler_tugger/doozy_ws_2/install/pallet_docker_02/lib/python3.8/site-packages/pallet_docker_02/nav_tb3_client_01.py to nav_tb3_client_01.cpython-38.pyc
[0.921s] byte-compiling /home/avinaash/daimler_tugger/doozy_ws_2/install/pallet_docker_02/lib/python3.8/site-packages/pallet_docker_02/automatic_addison_docking_file.py to automatic_addison_docking_file.cpython-38.pyc
[0.922s] byte-compiling /home/avinaash/daimler_tugger/doozy_ws_2/install/pallet_docker_02/lib/python3.8/site-packages/pallet_docker_02/pid_controller_01.py to pid_controller_01.cpython-38.pyc
[0.922s] byte-compiling /home/avinaash/daimler_tugger/doozy_ws_2/install/pallet_docker_02/lib/python3.8/site-packages/pallet_docker_02/moved_to_position_cli.py to moved_to_position_cli.cpython-38.pyc
[0.923s] byte-compiling /home/avinaash/daimler_tugger/doozy_ws_2/install/pallet_docker_02/lib/python3.8/site-packages/pallet_docker_02/pallet_navi_02.py to pallet_navi_02.cpython-38.pyc
[0.923s] byte-compiling /home/avinaash/daimler_tugger/doozy_ws_2/install/pallet_docker_02/lib/python3.8/site-packages/pallet_docker_02/pallet_navi_dock_01.py to pallet_navi_dock_01.cpython-38.pyc
[0.923s] byte-compiling /home/avinaash/daimler_tugger/doozy_ws_2/install/pallet_docker_02/lib/python3.8/site-packages/pallet_docker_02/pallet_navi_01.py to pallet_navi_01.cpython-38.pyc
[0.923s] Sorry: IndentationError: expected an indented block (pallet_navi_dock_01.py, line 121)
[0.923s] byte-compiling /home/avinaash/daimler_tugger/doozy_ws_2/install/pallet_docker_02/lib/python3.8/site-packages/pallet_docker_02/__init__.py to __init__.cpython-38.pyc
[0.923s] byte-compiling /home/avinaash/daimler_tugger/doozy_ws_2/install/pallet_docker_02/lib/python3.8/site-packages/pallet_docker_02/read_sick_camera_01.py to read_sick_camera_01.cpython-38.pyc
[0.923s] byte-compiling /home/avinaash/daimler_tugger/doozy_ws_2/install/pallet_docker_02/lib/python3.8/site-packages/pallet_docker_02/pallet_navi_04.py to pallet_navi_04.cpython-38.pyc
[0.924s] byte-compiling /home/avinaash/daimler_tugger/doozy_ws_2/install/pallet_docker_02/lib/python3.8/site-packages/pallet_docker_02/action_01.py to action_01.cpython-38.pyc
[0.924s] byte-compiling /home/avinaash/daimler_tugger/doozy_ws_2/install/pallet_docker_02/lib/python3.8/site-packages/pallet_docker_02/pallet_detect_01.py to pallet_detect_01.cpython-38.pyc
[0.924s] byte-compiling /home/avinaash/daimler_tugger/doozy_ws_2/install/pallet_docker_02/lib/python3.8/site-packages/pallet_docker_02/behaviour_tree_01.py to behaviour_tree_01.cpython-38.pyc
[0.925s] byte-compiling /home/avinaash/daimler_tugger/doozy_ws_2/install/pallet_docker_02/lib/python3.8/site-packages/pallet_docker_02/dolly_navi_server_01.py to dolly_navi_server_01.cpython-38.pyc
[0.925s] byte-compiling /home/avinaash/daimler_tugger/doozy_ws_2/install/pallet_docker_02/lib/python3.8/site-packages/pallet_docker_02/client_01.py to client_01.cpython-38.pyc
[0.925s] byte-compiling /home/avinaash/daimler_tugger/doozy_ws_2/install/pallet_docker_02/lib/python3.8/site-packages/pallet_docker_02/sick_mini_t.py to sick_mini_t.cpython-38.pyc
[0.926s] running install_data
[0.926s] creating /home/avinaash/daimler_tugger/doozy_ws_2/install/pallet_docker_02/share/ament_index
[0.926s] creating /home/avinaash/daimler_tugger/doozy_ws_2/install/pallet_docker_02/share/ament_index/resource_index
[0.926s] creating /home/avinaash/daimler_tugger/doozy_ws_2/install/pallet_docker_02/share/ament_index/resource_index/packages
[0.926s] copying resource/pallet_docker_02 -> /home/avinaash/daimler_tugger/doozy_ws_2/install/pallet_docker_02/share/ament_index/resource_index/packages
[0.926s] copying package.xml -> /home/avinaash/daimler_tugger/doozy_ws_2/install/pallet_docker_02/share/pallet_docker_02
[0.926s] running install_egg_info
[0.927s] Copying ../../build/pallet_docker_02/pallet_docker_02.egg-info to /home/avinaash/daimler_tugger/doozy_ws_2/install/pallet_docker_02/lib/python3.8/site-packages/pallet_docker_02-0.0.0-py3.8.egg-info
[0.928s] running install_scripts
[0.940s] Installing CLIENT script to /home/avinaash/daimler_tugger/doozy_ws_2/install/pallet_docker_02/lib/pallet_docker_02
[0.940s] Installing DOCK_to_DOLLY script to /home/avinaash/daimler_tugger/doozy_ws_2/install/pallet_docker_02/lib/pallet_docker_02
[0.940s] Installing NAV_to_POSITION script to /home/avinaash/daimler_tugger/doozy_ws_2/install/pallet_docker_02/lib/pallet_docker_02
[0.940s] Installing SERVER script to /home/avinaash/daimler_tugger/doozy_ws_2/install/pallet_docker_02/lib/pallet_docker_02
[0.940s] Installing client_01 script to /home/avinaash/daimler_tugger/doozy_ws_2/install/pallet_docker_02/lib/pallet_docker_02
[0.940s] Installing dock_to_dolly script to /home/avinaash/daimler_tugger/doozy_ws_2/install/pallet_docker_02/lib/pallet_docker_02
[0.940s] Installing dock_to_dolly2 script to /home/avinaash/daimler_tugger/doozy_ws_2/install/pallet_docker_02/lib/pallet_docker_02
[0.940s] Installing get_pallet_tf script to /home/avinaash/daimler_tugger/doozy_ws_2/install/pallet_docker_02/lib/pallet_docker_02
[0.940s] Installing pallet_navi script to /home/avinaash/daimler_tugger/doozy_ws_2/install/pallet_docker_02/lib/pallet_docker_02
[0.940s] Installing pallet_navi_01 script to /home/avinaash/daimler_tugger/doozy_ws_2/install/pallet_docker_02/lib/pallet_docker_02
[0.940s] Installing pallet_navi_02 script to /home/avinaash/daimler_tugger/doozy_ws_2/install/pallet_docker_02/lib/pallet_docker_02
[0.940s] Installing pallet_navi_03 script to /home/avinaash/daimler_tugger/doozy_ws_2/install/pallet_docker_02/lib/pallet_docker_02
[0.940s] Installing pallet_navi_04 script to /home/avinaash/daimler_tugger/doozy_ws_2/install/pallet_docker_02/lib/pallet_docker_02
[0.940s] Installing server_01 script to /home/avinaash/daimler_tugger/doozy_ws_2/install/pallet_docker_02/lib/pallet_docker_02
[0.941s] Installing sick_visionary_t_mini script to /home/avinaash/daimler_tugger/doozy_ws_2/install/pallet_docker_02/lib/pallet_docker_02
[0.941s] Installing tb3_cam_node script to /home/avinaash/daimler_tugger/doozy_ws_2/install/pallet_docker_02/lib/pallet_docker_02
[0.941s] Installing tf_broadcaster script to /home/avinaash/daimler_tugger/doozy_ws_2/install/pallet_docker_02/lib/pallet_docker_02
[0.941s] writing list of installed files to '/home/avinaash/daimler_tugger/doozy_ws_2/build/pallet_docker_02/install.log'
[0.965s] Invoked command in '/home/avinaash/daimler_tugger/doozy_ws_2/src/pallet_docker_02' returned '0': PYTHONPATH=/home/avinaash/daimler_tugger/doozy_ws_2/build/pallet_docker_02/prefix_override:/home/avinaash/daimler_tugger/doozy_ws_2/install/pallet_docker_02/lib/python3.8/site-packages:${PYTHONPATH} /usr/bin/python3 -W ignore:setup.py install is deprecated setup.py egg_info --egg-base ../../build/pallet_docker_02 build --build-base /home/avinaash/daimler_tugger/doozy_ws_2/build/pallet_docker_02/build install --record /home/avinaash/daimler_tugger/doozy_ws_2/build/pallet_docker_02/install.log --single-version-externally-managed install_data
